<?xml version="1.0" encoding="UTF-8"?>
<testsuite xmlns:xsi="http://www.w3.org/2001/XMLSchema-instance" xsi:noNamespaceSchemaLocation="https://maven.apache.org/surefire/maven-surefire-plugin/xsd/surefire-test-report-3.0.xsd" version="3.0" name="org.sonar.samples.java.checks.SpringControllerRequestMappingEntityRuleTest" time="0.018" tests="1" errors="0" skipped="0" failures="1">
  <properties>
    <property name="socksProxyHost" value="127.0.0.1"/>
    <property name="http.proxyHost" value="127.0.0.1"/>
    <property name="java.specification.version" value="17"/>
    <property name="sun.jnu.encoding" value="UTF-8"/>
    <property name="java.class.path" value="/Users/zhouyun/Desktop/projects/sonar-java/docs/java-custom-rules-example/target/test-classes:/Users/zhouyun/Desktop/projects/sonar-java/docs/java-custom-rules-example/target/classes:/Users/zhouyun/.m2/repository/org/sonarsource/api/plugin/sonar-plugin-api/9.9.0.229/sonar-plugin-api-9.9.0.229.jar:/Users/zhouyun/.m2/repository/org/sonarsource/java/sonar-java-plugin/7.16.0.30901/sonar-java-plugin-7.16.0.30901.jar:/Users/zhouyun/.m2/repository/org/sonarsource/java/java-surefire/7.16.0.30901/java-surefire-7.16.0.30901.jar:/Users/zhouyun/.m2/repository/com/fasterxml/staxmate/staxmate/2.4.0/staxmate-2.4.0.jar:/Users/zhouyun/.m2/repository/org/codehaus/woodstox/stax2-api/4.2.1/stax2-api-4.2.1.jar:/Users/zhouyun/.m2/repository/org/sonarsource/java/java-frontend/7.16.0.30901/java-frontend-7.16.0.30901.jar:/Users/zhouyun/.m2/repository/org/sonarsource/java/jdt/7.16.0.30901/jdt-7.16.0.30901-shaded.jar:/Users/zhouyun/.m2/repository/org/eclipse/jdt/org.eclipse.jdt.core/3.30.0/org.eclipse.jdt.core-3.30.0.jar:/Users/zhouyun/.m2/repository/org/eclipse/platform/org.eclipse.core.resources/3.19.0/org.eclipse.core.resources-3.19.0.jar:/Users/zhouyun/.m2/repository/org/eclipse/platform/org.eclipse.osgi/3.18.400/org.eclipse.osgi-3.18.400.jar:/Users/zhouyun/.m2/repository/org/eclipse/platform/org.eclipse.core.runtime/3.27.0/org.eclipse.core.runtime-3.27.0.jar:/Users/zhouyun/.m2/repository/org/eclipse/platform/org.eclipse.equinox.common/3.18.0/org.eclipse.equinox.common-3.18.0.jar:/Users/zhouyun/.m2/repository/org/eclipse/platform/org.eclipse.core.jobs/3.14.0/org.eclipse.core.jobs-3.14.0.jar:/Users/zhouyun/.m2/repository/org/eclipse/platform/org.eclipse.equinox.preferences/3.10.200/org.eclipse.equinox.preferences-3.10.200.jar:/Users/zhouyun/.m2/repository/org/osgi/org.osgi.service.prefs/1.1.2/org.osgi.service.prefs-1.1.2.jar:/Users/zhouyun/.m2/repository/org/osgi/osgi.annotation/8.0.1/osgi.annotation-8.0.1.jar:/Users/zhouyun/.m2/repository/org/eclipse/platform/org.eclipse.core.contenttype/3.9.0/org.eclipse.core.contenttype-3.9.0.jar:/Users/zhouyun/.m2/repository/org/eclipse/platform/org.eclipse.text/3.13.0/org.eclipse.text-3.13.0.jar:/Users/zhouyun/.m2/repository/org/eclipse/platform/org.eclipse.core.commands/3.11.0/org.eclipse.core.commands-3.11.0.jar:/Users/zhouyun/.m2/repository/org/sonarsource/sslr/sslr-core/1.24.0.633/sslr-core-1.24.0.633.jar:/Users/zhouyun/.m2/repository/org/apache/commons/commons-lang3/3.12.0/commons-lang3-3.12.0.jar:/Users/zhouyun/.m2/repository/org/sonarsource/analyzer-commons/sonar-regex-parsing/2.1.0.1111/sonar-regex-parsing-2.1.0.1111.jar:/Users/zhouyun/.m2/repository/org/sonarsource/java/java-symbolic-execution/7.16.0.30901/java-symbolic-execution-7.16.0.30901.jar:/Users/zhouyun/.m2/repository/org/sonarsource/java/java-checks/7.16.0.30901/java-checks-7.16.0.30901.jar:/Users/zhouyun/.m2/repository/org/sonarsource/analyzer-commons/sonar-analyzer-recognizers/2.1.0.1111/sonar-analyzer-recognizers-2.1.0.1111.jar:/Users/zhouyun/.m2/repository/org/sonarsource/java/external-reports/7.16.0.30901/external-reports-7.16.0.30901.jar:/Users/zhouyun/.m2/repository/org/sonarsource/java/java-jsp/7.16.0.30901/java-jsp-7.16.0.30901.jar:/Users/zhouyun/.m2/repository/org/apache/tomcat/embed/tomcat-embed-jasper/9.0.70/tomcat-embed-jasper-9.0.70.jar:/Users/zhouyun/.m2/repository/org/apache/tomcat/embed/tomcat-embed-core/9.0.70/tomcat-embed-core-9.0.70.jar:/Users/zhouyun/.m2/repository/org/apache/tomcat/tomcat-annotations-api/9.0.70/tomcat-annotations-api-9.0.70.jar:/Users/zhouyun/.m2/repository/org/apache/tomcat/embed/tomcat-embed-el/9.0.70/tomcat-embed-el-9.0.70.jar:/Users/zhouyun/.m2/repository/org/sonarsource/analyzer-commons/sonar-xml-parsing/2.1.0.1111/sonar-xml-parsing-2.1.0.1111.jar:/Users/zhouyun/.m2/repository/xerces/xercesImpl/2.12.2/xercesImpl-2.12.2.jar:/Users/zhouyun/.m2/repository/xml-apis/xml-apis/1.4.01/xml-apis-1.4.01.jar:/Users/zhouyun/.m2/repository/com/fasterxml/woodstox/woodstox-core/6.4.0/woodstox-core-6.4.0.jar:/Users/zhouyun/.m2/repository/org/sonarsource/analyzer-commons/sonar-performance-measure/2.1.0.1111/sonar-performance-measure-2.1.0.1111.jar:/Users/zhouyun/.m2/repository/org/sonarsource/analyzer-commons/sonar-analyzer-commons/1.24.0.965/sonar-analyzer-commons-1.24.0.965.jar:/Users/zhouyun/.m2/repository/org/sonarsource/java/java-checks-testkit/7.16.0.30901/java-checks-testkit-7.16.0.30901.jar:/Users/zhouyun/.m2/repository/com/google/code/gson/gson/2.8.9/gson-2.8.9.jar:/Users/zhouyun/.m2/repository/com/google/code/findbugs/jsr305/3.0.2/jsr305-3.0.2.jar:/Users/zhouyun/.m2/repository/org/junit/jupiter/junit-jupiter/5.7.0/junit-jupiter-5.7.0.jar:/Users/zhouyun/.m2/repository/org/junit/jupiter/junit-jupiter-api/5.7.0/junit-jupiter-api-5.7.0.jar:/Users/zhouyun/.m2/repository/org/opentest4j/opentest4j/1.2.0/opentest4j-1.2.0.jar:/Users/zhouyun/.m2/repository/org/junit/platform/junit-platform-commons/1.7.0/junit-platform-commons-1.7.0.jar:/Users/zhouyun/.m2/repository/org/junit/jupiter/junit-jupiter-params/5.7.0/junit-jupiter-params-5.7.0.jar:/Users/zhouyun/.m2/repository/org/junit/jupiter/junit-jupiter-engine/5.7.0/junit-jupiter-engine-5.7.0.jar:/Users/zhouyun/.m2/repository/org/junit/platform/junit-platform-engine/1.7.0/junit-platform-engine-1.7.0.jar:/Users/zhouyun/.m2/repository/org/junit/jupiter/junit-jupiter-migrationsupport/5.7.0/junit-jupiter-migrationsupport-5.7.0.jar:/Users/zhouyun/.m2/repository/junit/junit/4.13/junit-4.13.jar:/Users/zhouyun/.m2/repository/org/hamcrest/hamcrest-core/1.3/hamcrest-core-1.3.jar:/Users/zhouyun/.m2/repository/org/apiguardian/apiguardian-api/1.1.0/apiguardian-api-1.1.0.jar:/Users/zhouyun/.m2/repository/org/assertj/assertj-core/3.23.1/assertj-core-3.23.1.jar:/Users/zhouyun/.m2/repository/net/bytebuddy/byte-buddy/1.12.10/byte-buddy-1.12.10.jar:"/>
    <property name="https.proxyPort" value="7890"/>
    <property name="java.vm.vendor" value="Oracle Corporation"/>
    <property name="sun.arch.data.model" value="64"/>
    <property name="java.vendor.url" value="https://java.oracle.com/"/>
    <property name="os.name" value="Mac OS X"/>
    <property name="java.vm.specification.version" value="17"/>
    <property name="sun.java.launcher" value="SUN_STANDARD"/>
    <property name="user.country" value="CN"/>
    <property name="sun.boot.library.path" value="/Users/zhouyun/Desktop/jdk/jdk-17.0.5.jdk/Contents/Home/lib"/>
    <property name="sun.java.command" value="/Users/zhouyun/Desktop/projects/sonar-java/docs/java-custom-rules-example/target/surefire/surefirebooter-20230904151743714_3.jar /Users/zhouyun/Desktop/projects/sonar-java/docs/java-custom-rules-example/target/surefire 2023-09-04T15-17-43_655-jvmRun1 surefire-20230904151743714_1tmp surefire_0-20230904151743714_2tmp"/>
    <property name="http.nonProxyHosts" value="192.168.0.0/16|*.192.168.0.0/16|10.0.0.0/8|*.10.0.0.0/8|172.16.0.0/12|*.172.16.0.0/12|127.0.0.1|localhost|*.localhost|local|*.local|timestamp.apple.com|*.timestamp.apple.com|sequoia.apple.com|*.sequoia.apple.com|seed-sequoia.siri.apple.com|*.seed-sequoia.siri.apple.com"/>
    <property name="jdk.debug" value="release"/>
    <property name="surefire.test.class.path" value="/Users/zhouyun/Desktop/projects/sonar-java/docs/java-custom-rules-example/target/test-classes:/Users/zhouyun/Desktop/projects/sonar-java/docs/java-custom-rules-example/target/classes:/Users/zhouyun/.m2/repository/org/sonarsource/api/plugin/sonar-plugin-api/9.9.0.229/sonar-plugin-api-9.9.0.229.jar:/Users/zhouyun/.m2/repository/org/sonarsource/java/sonar-java-plugin/7.16.0.30901/sonar-java-plugin-7.16.0.30901.jar:/Users/zhouyun/.m2/repository/org/sonarsource/java/java-surefire/7.16.0.30901/java-surefire-7.16.0.30901.jar:/Users/zhouyun/.m2/repository/com/fasterxml/staxmate/staxmate/2.4.0/staxmate-2.4.0.jar:/Users/zhouyun/.m2/repository/org/codehaus/woodstox/stax2-api/4.2.1/stax2-api-4.2.1.jar:/Users/zhouyun/.m2/repository/org/sonarsource/java/java-frontend/7.16.0.30901/java-frontend-7.16.0.30901.jar:/Users/zhouyun/.m2/repository/org/sonarsource/java/jdt/7.16.0.30901/jdt-7.16.0.30901-shaded.jar:/Users/zhouyun/.m2/repository/org/eclipse/jdt/org.eclipse.jdt.core/3.30.0/org.eclipse.jdt.core-3.30.0.jar:/Users/zhouyun/.m2/repository/org/eclipse/platform/org.eclipse.core.resources/3.19.0/org.eclipse.core.resources-3.19.0.jar:/Users/zhouyun/.m2/repository/org/eclipse/platform/org.eclipse.osgi/3.18.400/org.eclipse.osgi-3.18.400.jar:/Users/zhouyun/.m2/repository/org/eclipse/platform/org.eclipse.core.runtime/3.27.0/org.eclipse.core.runtime-3.27.0.jar:/Users/zhouyun/.m2/repository/org/eclipse/platform/org.eclipse.equinox.common/3.18.0/org.eclipse.equinox.common-3.18.0.jar:/Users/zhouyun/.m2/repository/org/eclipse/platform/org.eclipse.core.jobs/3.14.0/org.eclipse.core.jobs-3.14.0.jar:/Users/zhouyun/.m2/repository/org/eclipse/platform/org.eclipse.equinox.preferences/3.10.200/org.eclipse.equinox.preferences-3.10.200.jar:/Users/zhouyun/.m2/repository/org/osgi/org.osgi.service.prefs/1.1.2/org.osgi.service.prefs-1.1.2.jar:/Users/zhouyun/.m2/repository/org/osgi/osgi.annotation/8.0.1/osgi.annotation-8.0.1.jar:/Users/zhouyun/.m2/repository/org/eclipse/platform/org.eclipse.core.contenttype/3.9.0/org.eclipse.core.contenttype-3.9.0.jar:/Users/zhouyun/.m2/repository/org/eclipse/platform/org.eclipse.text/3.13.0/org.eclipse.text-3.13.0.jar:/Users/zhouyun/.m2/repository/org/eclipse/platform/org.eclipse.core.commands/3.11.0/org.eclipse.core.commands-3.11.0.jar:/Users/zhouyun/.m2/repository/org/sonarsource/sslr/sslr-core/1.24.0.633/sslr-core-1.24.0.633.jar:/Users/zhouyun/.m2/repository/org/apache/commons/commons-lang3/3.12.0/commons-lang3-3.12.0.jar:/Users/zhouyun/.m2/repository/org/sonarsource/analyzer-commons/sonar-regex-parsing/2.1.0.1111/sonar-regex-parsing-2.1.0.1111.jar:/Users/zhouyun/.m2/repository/org/sonarsource/java/java-symbolic-execution/7.16.0.30901/java-symbolic-execution-7.16.0.30901.jar:/Users/zhouyun/.m2/repository/org/sonarsource/java/java-checks/7.16.0.30901/java-checks-7.16.0.30901.jar:/Users/zhouyun/.m2/repository/org/sonarsource/analyzer-commons/sonar-analyzer-recognizers/2.1.0.1111/sonar-analyzer-recognizers-2.1.0.1111.jar:/Users/zhouyun/.m2/repository/org/sonarsource/java/external-reports/7.16.0.30901/external-reports-7.16.0.30901.jar:/Users/zhouyun/.m2/repository/org/sonarsource/java/java-jsp/7.16.0.30901/java-jsp-7.16.0.30901.jar:/Users/zhouyun/.m2/repository/org/apache/tomcat/embed/tomcat-embed-jasper/9.0.70/tomcat-embed-jasper-9.0.70.jar:/Users/zhouyun/.m2/repository/org/apache/tomcat/embed/tomcat-embed-core/9.0.70/tomcat-embed-core-9.0.70.jar:/Users/zhouyun/.m2/repository/org/apache/tomcat/tomcat-annotations-api/9.0.70/tomcat-annotations-api-9.0.70.jar:/Users/zhouyun/.m2/repository/org/apache/tomcat/embed/tomcat-embed-el/9.0.70/tomcat-embed-el-9.0.70.jar:/Users/zhouyun/.m2/repository/org/sonarsource/analyzer-commons/sonar-xml-parsing/2.1.0.1111/sonar-xml-parsing-2.1.0.1111.jar:/Users/zhouyun/.m2/repository/xerces/xercesImpl/2.12.2/xercesImpl-2.12.2.jar:/Users/zhouyun/.m2/repository/xml-apis/xml-apis/1.4.01/xml-apis-1.4.01.jar:/Users/zhouyun/.m2/repository/com/fasterxml/woodstox/woodstox-core/6.4.0/woodstox-core-6.4.0.jar:/Users/zhouyun/.m2/repository/org/sonarsource/analyzer-commons/sonar-performance-measure/2.1.0.1111/sonar-performance-measure-2.1.0.1111.jar:/Users/zhouyun/.m2/repository/org/sonarsource/analyzer-commons/sonar-analyzer-commons/1.24.0.965/sonar-analyzer-commons-1.24.0.965.jar:/Users/zhouyun/.m2/repository/org/sonarsource/java/java-checks-testkit/7.16.0.30901/java-checks-testkit-7.16.0.30901.jar:/Users/zhouyun/.m2/repository/com/google/code/gson/gson/2.8.9/gson-2.8.9.jar:/Users/zhouyun/.m2/repository/com/google/code/findbugs/jsr305/3.0.2/jsr305-3.0.2.jar:/Users/zhouyun/.m2/repository/org/junit/jupiter/junit-jupiter/5.7.0/junit-jupiter-5.7.0.jar:/Users/zhouyun/.m2/repository/org/junit/jupiter/junit-jupiter-api/5.7.0/junit-jupiter-api-5.7.0.jar:/Users/zhouyun/.m2/repository/org/opentest4j/opentest4j/1.2.0/opentest4j-1.2.0.jar:/Users/zhouyun/.m2/repository/org/junit/platform/junit-platform-commons/1.7.0/junit-platform-commons-1.7.0.jar:/Users/zhouyun/.m2/repository/org/junit/jupiter/junit-jupiter-params/5.7.0/junit-jupiter-params-5.7.0.jar:/Users/zhouyun/.m2/repository/org/junit/jupiter/junit-jupiter-engine/5.7.0/junit-jupiter-engine-5.7.0.jar:/Users/zhouyun/.m2/repository/org/junit/platform/junit-platform-engine/1.7.0/junit-platform-engine-1.7.0.jar:/Users/zhouyun/.m2/repository/org/junit/jupiter/junit-jupiter-migrationsupport/5.7.0/junit-jupiter-migrationsupport-5.7.0.jar:/Users/zhouyun/.m2/repository/junit/junit/4.13/junit-4.13.jar:/Users/zhouyun/.m2/repository/org/hamcrest/hamcrest-core/1.3/hamcrest-core-1.3.jar:/Users/zhouyun/.m2/repository/org/apiguardian/apiguardian-api/1.1.0/apiguardian-api-1.1.0.jar:/Users/zhouyun/.m2/repository/org/assertj/assertj-core/3.23.1/assertj-core-3.23.1.jar:/Users/zhouyun/.m2/repository/net/bytebuddy/byte-buddy/1.12.10/byte-buddy-1.12.10.jar:"/>
    <property name="sun.cpu.endian" value="little"/>
    <property name="user.home" value="/Users/zhouyun"/>
    <property name="user.language" value="zh"/>
    <property name="java.specification.vendor" value="Oracle Corporation"/>
    <property name="java.version.date" value="2022-10-18"/>
    <property name="java.home" value="/Users/zhouyun/Desktop/jdk/jdk-17.0.5.jdk/Contents/Home"/>
    <property name="file.separator" value="/"/>
    <property name="https.proxyHost" value="127.0.0.1"/>
    <property name="basedir" value="/Users/zhouyun/Desktop/projects/sonar-java/docs/java-custom-rules-example"/>
    <property name="java.vm.compressedOopsMode" value="Zero based"/>
    <property name="line.separator" value="&#10;"/>
    <property name="java.vm.specification.vendor" value="Oracle Corporation"/>
    <property name="java.specification.name" value="Java Platform API Specification"/>
    <property name="surefire.real.class.path" value="/Users/zhouyun/Desktop/projects/sonar-java/docs/java-custom-rules-example/target/surefire/surefirebooter-20230904151743714_3.jar"/>
    <property name="user.script" value="Hans"/>
    <property name="sun.management.compiler" value="HotSpot 64-Bit Tiered Compilers"/>
    <property name="ftp.nonProxyHosts" value="192.168.0.0/16|*.192.168.0.0/16|10.0.0.0/8|*.10.0.0.0/8|172.16.0.0/12|*.172.16.0.0/12|127.0.0.1|localhost|*.localhost|local|*.local|timestamp.apple.com|*.timestamp.apple.com|sequoia.apple.com|*.sequoia.apple.com|seed-sequoia.siri.apple.com|*.seed-sequoia.siri.apple.com"/>
    <property name="java.runtime.version" value="17.0.5+9-LTS-191"/>
    <property name="user.name" value="zhouyun"/>
    <property name="path.separator" value=":"/>
    <property name="os.version" value="13.0.1"/>
    <property name="java.runtime.name" value="Java(TM) SE Runtime Environment"/>
    <property name="file.encoding" value="UTF-8"/>
    <property name="java.vm.name" value="Java HotSpot(TM) 64-Bit Server VM"/>
    <property name="localRepository" value="/Users/zhouyun/.m2/repository"/>
    <property name="java.vendor.url.bug" value="https://bugreport.java.com/bugreport/"/>
    <property name="java.io.tmpdir" value="/var/folders/tw/zbg49jfs751d31dcr4yfw4qw0000gn/T/"/>
    <property name="idea.version" value="2021.2.2"/>
    <property name="java.version" value="17.0.5"/>
    <property name="user.dir" value="/Users/zhouyun/Desktop/projects/sonar-java/docs/java-custom-rules-example"/>
    <property name="os.arch" value="aarch64"/>
    <property name="socksProxyPort" value="7891"/>
    <property name="java.vm.specification.name" value="Java Virtual Machine Specification"/>
    <property name="native.encoding" value="UTF-8"/>
    <property name="java.library.path" value="/Users/zhouyun/Library/Java/Extensions:/Library/Java/Extensions:/Network/Library/Java/Extensions:/System/Library/Java/Extensions:/usr/lib/java:."/>
    <property name="java.vm.info" value="mixed mode, sharing"/>
    <property name="java.vendor" value="Oracle Corporation"/>
    <property name="java.vm.version" value="17.0.5+9-LTS-191"/>
    <property name="sun.io.unicode.encoding" value="UnicodeBig"/>
    <property name="socksNonProxyHosts" value="192.168.0.0/16|*.192.168.0.0/16|10.0.0.0/8|*.10.0.0.0/8|172.16.0.0/12|*.172.16.0.0/12|127.0.0.1|localhost|*.localhost|local|*.local|timestamp.apple.com|*.timestamp.apple.com|sequoia.apple.com|*.sequoia.apple.com|seed-sequoia.siri.apple.com|*.seed-sequoia.siri.apple.com"/>
    <property name="java.class.version" value="61.0"/>
    <property name="http.proxyPort" value="7890"/>
  </properties>
  <testcase name="check" classname="org.sonar.samples.java.checks.SpringControllerRequestMappingEntityRuleTest" time="0.015">
    <failure message="No issue raised. At least one issue expected" type="java.lang.AssertionError"><![CDATA[java.lang.AssertionError: No issue raised. At least one issue expected
	at org.sonar.java.checks.verifier.internal.InternalCheckVerifier.assertMultipleIssues(InternalCheckVerifier.java:382)
	at org.sonar.java.checks.verifier.internal.InternalCheckVerifier.checkIssues(InternalCheckVerifier.java:322)
	at org.sonar.java.checks.verifier.internal.InternalCheckVerifier.verifyAll(InternalCheckVerifier.java:310)
	at org.sonar.java.checks.verifier.internal.InternalCheckVerifier.verifyIssues(InternalCheckVerifier.java:242)
	at org.sonar.samples.java.checks.SpringControllerRequestMappingEntityRuleTest.check(SpringControllerRequestMappingEntityRuleTest.java:19)
	at java.base/jdk.internal.reflect.NativeMethodAccessorImpl.invoke0(Native Method)
	at java.base/jdk.internal.reflect.NativeMethodAccessorImpl.invoke(NativeMethodAccessorImpl.java:77)
	at java.base/jdk.internal.reflect.DelegatingMethodAccessorImpl.invoke(DelegatingMethodAccessorImpl.java:43)
	at java.base/java.lang.reflect.Method.invoke(Method.java:568)
	at org.junit.platform.commons.util.ReflectionUtils.invokeMethod(ReflectionUtils.java:688)
	at org.junit.jupiter.engine.execution.MethodInvocation.proceed(MethodInvocation.java:60)
	at org.junit.jupiter.engine.execution.InvocationInterceptorChain$ValidatingInvocation.proceed(InvocationInterceptorChain.java:131)
	at org.junit.jupiter.engine.extension.TimeoutExtension.intercept(TimeoutExtension.java:149)
	at org.junit.jupiter.engine.extension.TimeoutExtension.interceptTestableMethod(TimeoutExtension.java:140)
	at org.junit.jupiter.engine.extension.TimeoutExtension.interceptTestMethod(TimeoutExtension.java:84)
	at org.junit.jupiter.engine.execution.ExecutableInvoker$ReflectiveInterceptorCall.lambda$ofVoidMethod$0(ExecutableInvoker.java:115)
	at org.junit.jupiter.engine.execution.ExecutableInvoker.lambda$invoke$0(ExecutableInvoker.java:105)
	at org.junit.jupiter.engine.execution.InvocationInterceptorChain$InterceptedInvocation.proceed(InvocationInterceptorChain.java:106)
	at org.junit.jupiter.engine.execution.InvocationInterceptorChain.proceed(InvocationInterceptorChain.java:64)
	at org.junit.jupiter.engine.execution.InvocationInterceptorChain.chainAndInvoke(InvocationInterceptorChain.java:45)
	at org.junit.jupiter.engine.execution.InvocationInterceptorChain.invoke(InvocationInterceptorChain.java:37)
	at org.junit.jupiter.engine.execution.ExecutableInvoker.invoke(ExecutableInvoker.java:104)
	at org.junit.jupiter.engine.execution.ExecutableInvoker.invoke(ExecutableInvoker.java:98)
	at org.junit.jupiter.engine.descriptor.TestMethodTestDescriptor.lambda$invokeTestMethod$6(TestMethodTestDescriptor.java:210)
	at org.junit.platform.engine.support.hierarchical.ThrowableCollector.execute(ThrowableCollector.java:73)
	at org.junit.jupiter.engine.descriptor.TestMethodTestDescriptor.invokeTestMethod(TestMethodTestDescriptor.java:206)
	at org.junit.jupiter.engine.descriptor.TestMethodTestDescriptor.execute(TestMethodTestDescriptor.java:131)
	at org.junit.jupiter.engine.descriptor.TestMethodTestDescriptor.execute(TestMethodTestDescriptor.java:65)
	at org.junit.platform.engine.support.hierarchical.NodeTestTask.lambda$executeRecursively$5(NodeTestTask.java:139)
	at org.junit.platform.engine.support.hierarchical.ThrowableCollector.execute(ThrowableCollector.java:73)
	at org.junit.platform.engine.support.hierarchical.NodeTestTask.lambda$executeRecursively$7(NodeTestTask.java:129)
	at org.junit.platform.engine.support.hierarchical.Node.around(Node.java:137)
	at org.junit.platform.engine.support.hierarchical.NodeTestTask.lambda$executeRecursively$8(NodeTestTask.java:127)
	at org.junit.platform.engine.support.hierarchical.ThrowableCollector.execute(ThrowableCollector.java:73)
	at org.junit.platform.engine.support.hierarchical.NodeTestTask.executeRecursively(NodeTestTask.java:126)
	at org.junit.platform.engine.support.hierarchical.NodeTestTask.execute(NodeTestTask.java:84)
	at java.base/java.util.ArrayList.forEach(ArrayList.java:1511)
	at org.junit.platform.engine.support.hierarchical.SameThreadHierarchicalTestExecutorService.invokeAll(SameThreadHierarchicalTestExecutorService.java:38)
	at org.junit.platform.engine.support.hierarchical.NodeTestTask.lambda$executeRecursively$5(NodeTestTask.java:143)
	at org.junit.platform.engine.support.hierarchical.ThrowableCollector.execute(ThrowableCollector.java:73)
	at org.junit.platform.engine.support.hierarchical.NodeTestTask.lambda$executeRecursively$7(NodeTestTask.java:129)
	at org.junit.platform.engine.support.hierarchical.Node.around(Node.java:137)
	at org.junit.platform.engine.support.hierarchical.NodeTestTask.lambda$executeRecursively$8(NodeTestTask.java:127)
	at org.junit.platform.engine.support.hierarchical.ThrowableCollector.execute(ThrowableCollector.java:73)
	at org.junit.platform.engine.support.hierarchical.NodeTestTask.executeRecursively(NodeTestTask.java:126)
	at org.junit.platform.engine.support.hierarchical.NodeTestTask.execute(NodeTestTask.java:84)
	at java.base/java.util.ArrayList.forEach(ArrayList.java:1511)
	at org.junit.platform.engine.support.hierarchical.SameThreadHierarchicalTestExecutorService.invokeAll(SameThreadHierarchicalTestExecutorService.java:38)
	at org.junit.platform.engine.support.hierarchical.NodeTestTask.lambda$executeRecursively$5(NodeTestTask.java:143)
	at org.junit.platform.engine.support.hierarchical.ThrowableCollector.execute(ThrowableCollector.java:73)
	at org.junit.platform.engine.support.hierarchical.NodeTestTask.lambda$executeRecursively$7(NodeTestTask.java:129)
	at org.junit.platform.engine.support.hierarchical.Node.around(Node.java:137)
	at org.junit.platform.engine.support.hierarchical.NodeTestTask.lambda$executeRecursively$8(NodeTestTask.java:127)
	at org.junit.platform.engine.support.hierarchical.ThrowableCollector.execute(ThrowableCollector.java:73)
	at org.junit.platform.engine.support.hierarchical.NodeTestTask.executeRecursively(NodeTestTask.java:126)
	at org.junit.platform.engine.support.hierarchical.NodeTestTask.execute(NodeTestTask.java:84)
	at org.junit.platform.engine.support.hierarchical.SameThreadHierarchicalTestExecutorService.submit(SameThreadHierarchicalTestExecutorService.java:32)
	at org.junit.platform.engine.support.hierarchical.HierarchicalTestExecutor.execute(HierarchicalTestExecutor.java:57)
	at org.junit.platform.engine.support.hierarchical.HierarchicalTestEngine.execute(HierarchicalTestEngine.java:51)
	at org.junit.platform.launcher.core.EngineExecutionOrchestrator.execute(EngineExecutionOrchestrator.java:108)
	at org.junit.platform.launcher.core.EngineExecutionOrchestrator.execute(EngineExecutionOrchestrator.java:88)
	at org.junit.platform.launcher.core.EngineExecutionOrchestrator.lambda$execute$0(EngineExecutionOrchestrator.java:54)
	at org.junit.platform.launcher.core.EngineExecutionOrchestrator.withInterceptedStreams(EngineExecutionOrchestrator.java:67)
	at org.junit.platform.launcher.core.EngineExecutionOrchestrator.execute(EngineExecutionOrchestrator.java:52)
	at org.junit.platform.launcher.core.DefaultLauncher.execute(DefaultLauncher.java:96)
	at org.junit.platform.launcher.core.DefaultLauncher.execute(DefaultLauncher.java:75)
	at org.apache.maven.surefire.junitplatform.LazyLauncher.execute(LazyLauncher.java:56)
	at org.apache.maven.surefire.junitplatform.JUnitPlatformProvider.execute(JUnitPlatformProvider.java:184)
	at org.apache.maven.surefire.junitplatform.JUnitPlatformProvider.invokeAllTests(JUnitPlatformProvider.java:148)
	at org.apache.maven.surefire.junitplatform.JUnitPlatformProvider.invoke(JUnitPlatformProvider.java:122)
	at org.apache.maven.surefire.booter.ForkedBooter.runSuitesInProcess(ForkedBooter.java:385)
	at org.apache.maven.surefire.booter.ForkedBooter.execute(ForkedBooter.java:162)
	at org.apache.maven.surefire.booter.ForkedBooter.run(ForkedBooter.java:507)
	at org.apache.maven.surefire.booter.ForkedBooter.main(ForkedBooter.java:495)
]]></failure>
    <system-out><![CDATA[INFO  1 source file to be analyzed
INFO  The Java analyzer cannot skip unchanged files in this context. A full analysis is performed for all files.
INFO  1/1 source file has been analyzed
INFO  Did not optimize analysis for any files, performed a full analysis for all 1 files.
WARN  Unresolved imports/types have been detected during analysis. Enable DEBUG mode to see them.
DEBUG Unresolved imports/types:
- Entity cannot be resolved to a type
- The import javax.persistence cannot be resolved
WARN  Use of preview features have been detected during analysis. Enable DEBUG mode to see them.
DEBUG Use of preview features:
- The public type HelloController must be defined in its own file
]]></system-out>
  </testcase>
</testsuite>